1/1/2023 5:40:17 PM$ The Project Orion is now active and waiting for commands execution. ONLINE
1/1/2023 5:40:17 PM$ url https://project-orion.mrepol742.repl.co
1/1/2023 5:40:17 PM$ ip_address 34.110.138.177
1/1/2023 5:40:37 PM$ wait_timeout >> 3000
1/1/2023 5:40:37 PM$ Error: well darn there was an error_result
1/1/2023 5:40:38 PM$ send_typing
1/1/2023 5:40:40 PM$ react_message mid.$gABipy5K1RKyLnfmhm2FbLRYx1kiK :laughing:
1/1/2023 5:40:42 PM$ [object Object]
1/1/2023 5:44:32 PM$ The Project Orion is now active and waiting for commands execution. ONLINE
1/1/2023 5:44:32 PM$ url https://project-orion.mrepol742.repl.co
1/1/2023 5:44:32 PM$ ip_address 34.110.138.177
1/1/2023 5:45:13 PM$ event_body 100039418012163 MJ happy new year
1/1/2023 5:45:15 PM$ wait_timeout >> 5000
1/1/2023 5:45:15 PM$ Error: well darn there was an error_result
1/1/2023 5:45:16 PM$ send_typing
1/1/2023 5:45:20 PM$ Error: well darn there was an error_result
1/1/2023 5:45:45 PM$ attachments_type photo
1/1/2023 5:45:45 PM$ photo_0 https://scontent.xx.fbcdn.net/v/t1.15752-9/318507407_1296342661189408_7613438227164102529_n.jpg?stp=dst-jpg_p480x480&_nc_cat=111&ccb=1-7&_nc_sid=ae9488&_nc_eui2=AeFOSzcrGdd0jn04vXihIZbdiNiDpOilS1uI2IOk6KVLW3WoUamuXhgfwq-eEpsXEAA9oEFCdRQ41WN_QlzDxE30&_nc_ohc=qAzWAOk9DxgAX8GOogh&_nc_ad=z-m&_nc_cid=0&_nc_ht=scontent.xx&oh=03_AdQTq9tR2zm_rtOiGr9o6cn1TfjpKCLp9Wmh7xqc8eu6KQ&oe=63D8E2DC
1/1/2023 5:45:45 PM$ wait_timeout >> 5000
1/1/2023 5:45:50 PM$ wait_timeout >> 3600
1/1/2023 5:45:51 PM$ send_typing
1/1/2023 5:45:54 PM$ send_message 5521586037890785 
1/1/2023 5:45:54 PM$ [object Object]
1/1/2023 5:45:56 PM$ Error: well darn there was an error_result
1/1/2023 5:45:58 PM$ wait_timeout >> 5000
1/1/2023 5:45:58 PM$ Error: well darn there was an error_result
1/1/2023 5:46:01 PM$ Error: well darn there was an error_result
1/1/2023 5:46:03 PM$ wait_timeout >> 4000
1/1/2023 5:46:04 PM$ send_typing
1/1/2023 5:46:06 PM$ Error: well darn there was an error_result
1/1/2023 5:46:07 PM$ send_message 6942091245864108 ðŸ
1/1/2023 5:46:09 PM$ wait_timeout >> 5050
1/1/2023 5:46:09 PM$ wait_timeout >> 3300
1/1/2023 5:46:09 PM$ Error: well darn there was an error_result
1/1/2023 5:46:10 PM$ send_typing
1/1/2023 5:46:10 PM$ send_typing
1/1/2023 5:46:13 PM$ Error: well darn there was an error_result
1/1/2023 5:46:14 PM$ react_message mid.$gABOd2m5inuGLnf60m2FbLlpu_535 :laughing:
1/1/2023 5:46:27 PM$ attachments_type photo
1/1/2023 5:46:27 PM$ photo_0 https://scontent.xx.fbcdn.net/v/t1.15752-9/323308212_694044542211496_519297146878747517_n.jpg?stp=dst-jpg_p480x480&_nc_cat=106&ccb=1-7&_nc_sid=ae9488&_nc_eui2=AeER8Of5oH-DclEtM-LhBnIEXwx4Q7nR9ZRfDHhDudH1lAkaqp9TQnEW9IYS54xWWbHFiGuLs1WMPtgWkCFTdXz1&_nc_ohc=q2G6sG__JGoAX8N6Bgq&_nc_ad=z-m&_nc_cid=0&_nc_ht=scontent.xx&oh=03_AdTICy5XrksZgPkuKTLH7eUaU6DM24KMAfVb754mVq5f7g&oe=63D8CB8C
1/1/2023 5:46:27 PM$ The ThreadID is temporarily blocked from resending of emoji for 78 seconds.
1/1/2023 5:46:28 PM$ Error: well darn there was an error_result
1/1/2023 5:46:36 PM$ wait_timeout >> 3000
1/1/2023 5:46:36 PM$ Error: well darn there was an error_result
1/1/2023 5:46:36 PM$ Error: well darn there was an error_result
1/1/2023 5:46:37 PM$ send_typing
1/1/2023 5:46:39 PM$ react_message mid.$gABOd2m5inuGLnf8dP2FbLnU1VzuK :laughing:
1/1/2023 5:46:43 PM$ Error: well darn there was an error_result
1/1/2023 5:47:02 PM$ Error: well darn there was an error_result
1/2/2023 8:21:23 PM$ The Project Orion is now active and waiting for commands execution. ONLINE
1/2/2023 8:21:23 PM$ url https://project-orion.mrepol742.repl.co
1/2/2023 8:21:23 PM$ ip_address 34.110.138.177
1/2/2023 8:21:23 PM$ [object Object]
1/2/2023 8:22:00 PM$ The Project Orion is now active and waiting for commands execution. ONLINE
1/2/2023 8:22:00 PM$ url https://project-orion.mrepol742.repl.co
1/2/2023 8:22:00 PM$ ip_address 34.110.138.177
1/2/2023 8:23:05 PM$ wait_timeout >> 5000
1/2/2023 8:23:06 PM$ send_typing
1/2/2023 8:23:10 PM$ react_message mid.$gABipy5K1RKyLo7S9XGFcm90areh5 :laughing:
1/2/2023 8:23:20 PM$ wait_timeout >> 4500
1/2/2023 8:23:20 PM$ wait_timeout >> 3000
1/2/2023 8:23:21 PM$ send_typing
1/2/2023 8:23:21 PM$ send_typing
1/2/2023 8:23:24 PM$ react_message mid.$gABipy5K1RKyLo7T332Fcm-vElXeA :laughing:
1/2/2023 8:23:25 PM$ 100009370702426
1/2/2023 8:23:25 PM$ 100075138132589
1/2/2023 8:23:25 PM$ 100075138132589
1/2/2023 8:23:25 PM$ send_message_reply 6942091245864108 ðŸ˜‚ðŸ˜‚ðŸ¤£ðŸ¤£
1/2/2023 8:23:25 PM$ wait_timeout >> 5050
1/2/2023 8:23:25 PM$ send_typing
1/2/2023 8:23:25 PM$ wait_timeout >> 5000
1/2/2023 8:23:30 PM$ react_message mid.$gABHiYgKpEf2Lo7ULSGFcm_CtTGkO :love:
1/2/2023 8:23:30 PM$ wait_timeout >> 5500
1/2/2023 8:23:31 PM$ send_typing
1/2/2023 8:23:35 PM$ event_body 100016029218667 _uptime
1/2/2023 8:23:36 PM$ wait_timeout >> 4000
1/2/2023 8:23:36 PM$ send_message 6942091245864108 ðŸ˜‚ðŸ˜‚ðŸ¤£ðŸ¤£
1/2/2023 8:23:36 PM$ The ThreadID is temporarily blocked from resending of emoji for 109 seconds.
1/2/2023 8:23:36 PM$ wait_timeout >> 6000
1/2/2023 8:23:36 PM$ send_typing
1/2/2023 8:23:37 PM$ send_typing
1/2/2023 8:23:40 PM$ 100016029218667
1/2/2023 8:23:40 PM$ 100016029218667
1/2/2023 8:23:40 PM$ 100016029218667
1/2/2023 8:23:40 PM$ send_message 6942091245864108 Uptime is 1 minutes and 36 seconds.

â¦¿ RAM: 51.4 GB
â¦¿ ROM: 62.8 GB
â¦¿ Download Speed: 285.71 mbps
â¦¿ Upload Speed: 15.94 mbps
â¦¿ RSS: 208.2 MB
â¦¿ Heap Total: 128.4 MB
â¦¿ Heap Used: 96.0 MB
â¦¿ External: 2.4 MB
â¦¿ Array Buffers: 2.1 MB
â¦¿ Save State: N/A
â¦¿ Fb State: N/A

â¦¿ sendReport [text]
   To send report to the author if there is any issue.

Link: https://project-orion.mrepol742.repl.co
IP: 34.110.138.177
1/2/2023 8:23:42 PM$ react_message mid.$gABipy5K1RKyLo7U3nWFcm_ukdcma :laughing:
1/2/2023 8:25:20 PM$ The Project Orion is now active and waiting for commands execution. ONLINE
1/2/2023 8:25:20 PM$ url https://project-orion.mrepol742.repl.co
1/2/2023 8:25:20 PM$ ip_address 34.110.138.177
1/2/2023 8:25:28 PM$ 100023785687056
1/2/2023 8:25:28 PM$ 100023785687056
1/2/2023 8:25:28 PM$ send_message 6942091245864108 Hello World
1/2/2023 8:25:38 PM$ event_body 100071743848974 uptime
1/2/2023 8:25:39 PM$ 100087874545472
1/2/2023 8:25:39 PM$ 100009370702426
1/2/2023 8:25:39 PM$ send_message_reply 6942091245864108 Uptime is 19 seconds.

â¦¿ RAM: 51.1 GB
â¦¿ ROM: 62.8 GB
â¦¿ Download Speed: 250.00 mbps
â¦¿ Upload Speed: 16.88 mbps
â¦¿ RSS: 202.7 MB
â¦¿ Heap Total: 136.1 MB
â¦¿ Heap Used: 110.8 MB
â¦¿ External: 2.3 MB
â¦¿ Array Buffers: 2.9 MB
â¦¿ Save State: N/A
â¦¿ Fb State: N/A

â¦¿ sendReport [text]
   To send report to the author if there is any issue.

Link: https://project-orion.mrepol742.repl.co
IP: 34.110.138.177
1/2/2023 8:26:49 PM$ event_body 100071743848974 uptime
1/2/2023 8:26:50 PM$ send_message 100037131918629 Uptime is 1 minutes and 30 seconds.

â¦¿ RAM: 51.0 GB
â¦¿ ROM: 62.8 GB
â¦¿ Download Speed: 133.33 mbps
â¦¿ Upload Speed: 9.09 mbps
â¦¿ RSS: 198.0 MB
â¦¿ Heap Total: 104.2 MB
â¦¿ Heap Used: 79.6 MB
â¦¿ External: 1.6 MB
â¦¿ Array Buffers: 2.1 MB
â¦¿ Save State: N/A
â¦¿ Fb State: N/A

â¦¿ sendReport [text]
   To send report to the author if there is any issue.

Link: https://project-orion.mrepol742.repl.co
IP: 34.110.138.177
